mode: set
github.com/dstroot/utility/utility.go:41.52,46.24 5 1
github.com/dstroot/utility/utility.go:51.2,51.20 1 1
github.com/dstroot/utility/utility.go:46.24,48.3 1 1
github.com/dstroot/utility/utility.go:48.3,50.3 1 1
github.com/dstroot/utility/utility.go:56.54,57.12 1 1
github.com/dstroot/utility/utility.go:60.2,61.9 2 1
github.com/dstroot/utility/utility.go:64.2,64.25 1 1
github.com/dstroot/utility/utility.go:69.2,69.9 1 1
github.com/dstroot/utility/utility.go:72.2,72.10 1 1
github.com/dstroot/utility/utility.go:57.12,59.3 1 1
github.com/dstroot/utility/utility.go:61.9,63.3 1 1
github.com/dstroot/utility/utility.go:64.25,66.3 1 1
github.com/dstroot/utility/utility.go:66.3,68.3 1 1
github.com/dstroot/utility/utility.go:69.9,71.3 1 1
github.com/dstroot/utility/utility.go:78.38,80.40 2 1
github.com/dstroot/utility/utility.go:83.2,83.14 1 1
github.com/dstroot/utility/utility.go:80.40,82.3 1 1
github.com/dstroot/utility/utility.go:87.66,91.2 3 1
github.com/dstroot/utility/utility.go:94.42,96.16 2 1
github.com/dstroot/utility/utility.go:99.2,99.32 1 1
github.com/dstroot/utility/utility.go:108.2,108.46 1 0
github.com/dstroot/utility/utility.go:96.16,98.3 1 0
github.com/dstroot/utility/utility.go:99.32,101.70 1 1
github.com/dstroot/utility/utility.go:101.70,102.29 1 1
github.com/dstroot/utility/utility.go:102.29,105.5 2 1
github.com/dstroot/utility/utility.go:113.86,118.21 3 1
github.com/dstroot/utility/utility.go:121.2,121.22 1 1
github.com/dstroot/utility/utility.go:125.2,125.26 1 1
github.com/dstroot/utility/utility.go:133.2,133.25 1 1
github.com/dstroot/utility/utility.go:141.2,141.69 1 1
github.com/dstroot/utility/utility.go:118.21,120.3 1 1
github.com/dstroot/utility/utility.go:121.22,123.3 1 1
github.com/dstroot/utility/utility.go:125.26,126.38 1 1
github.com/dstroot/utility/utility.go:129.3,130.27 2 1
github.com/dstroot/utility/utility.go:126.38,128.4 1 1
github.com/dstroot/utility/utility.go:133.25,135.38 2 1
github.com/dstroot/utility/utility.go:138.3,138.27 1 1
github.com/dstroot/utility/utility.go:135.38,137.4 1 1
github.com/dstroot/utility/utility.go:147.104,157.53 2 1
github.com/dstroot/utility/utility.go:163.2,163.51 1 1
github.com/dstroot/utility/utility.go:170.2,171.11 2 1
github.com/dstroot/utility/utility.go:175.2,175.23 1 1
github.com/dstroot/utility/utility.go:157.53,160.3 1 1
github.com/dstroot/utility/utility.go:163.51,166.3 1 1
github.com/dstroot/utility/utility.go:171.11,173.3 1 1
github.com/dstroot/utility/utility.go:179.41,180.17 1 1
github.com/dstroot/utility/utility.go:184.2,189.30 4 1
github.com/dstroot/utility/utility.go:194.2,195.18 2 1
github.com/dstroot/utility/utility.go:180.17,182.3 1 1
github.com/dstroot/utility/utility.go:189.30,191.3 1 1
