mode: atomic
github.com/dstroot/utility/utility.go:23.21,24.14 1 0
github.com/dstroot/utility/utility.go:24.14,27.3 2 0
github.com/dstroot/utility/utility.go:31.52,36.24 5 7
github.com/dstroot/utility/utility.go:41.2,41.20 1 7
github.com/dstroot/utility/utility.go:36.24,38.3 1 1
github.com/dstroot/utility/utility.go:38.3,40.3 1 6
github.com/dstroot/utility/utility.go:46.54,47.12 1 4
github.com/dstroot/utility/utility.go:50.2,51.9 2 3
github.com/dstroot/utility/utility.go:54.2,54.25 1 3
github.com/dstroot/utility/utility.go:59.2,59.9 1 3
github.com/dstroot/utility/utility.go:62.2,62.10 1 2
github.com/dstroot/utility/utility.go:47.12,49.3 1 1
github.com/dstroot/utility/utility.go:51.9,53.3 1 1
github.com/dstroot/utility/utility.go:54.25,56.3 1 1
github.com/dstroot/utility/utility.go:56.3,58.3 1 2
github.com/dstroot/utility/utility.go:59.9,61.3 1 1
github.com/dstroot/utility/utility.go:68.38,70.40 2 13
github.com/dstroot/utility/utility.go:73.2,73.14 1 3
github.com/dstroot/utility/utility.go:70.40,72.3 1 10
github.com/dstroot/utility/utility.go:77.66,81.2 3 1
github.com/dstroot/utility/utility.go:84.42,86.16 2 1
github.com/dstroot/utility/utility.go:89.2,89.32 1 1
github.com/dstroot/utility/utility.go:98.2,98.46 1 0
github.com/dstroot/utility/utility.go:86.16,88.3 1 0
github.com/dstroot/utility/utility.go:89.32,91.70 1 5
github.com/dstroot/utility/utility.go:91.70,92.29 1 3
github.com/dstroot/utility/utility.go:92.29,95.5 2 1
github.com/dstroot/utility/utility.go:103.86,108.21 3 6
github.com/dstroot/utility/utility.go:111.2,111.22 1 5
github.com/dstroot/utility/utility.go:115.2,115.26 1 4
github.com/dstroot/utility/utility.go:123.2,123.25 1 2
github.com/dstroot/utility/utility.go:131.2,131.69 1 1
github.com/dstroot/utility/utility.go:108.21,110.3 1 1
github.com/dstroot/utility/utility.go:111.22,113.3 1 1
github.com/dstroot/utility/utility.go:115.26,116.38 1 2
github.com/dstroot/utility/utility.go:119.3,120.27 2 2
github.com/dstroot/utility/utility.go:116.38,118.4 1 14
github.com/dstroot/utility/utility.go:123.25,125.38 2 1
github.com/dstroot/utility/utility.go:128.3,128.27 1 1
github.com/dstroot/utility/utility.go:125.38,127.4 1 7
github.com/dstroot/utility/utility.go:137.84,143.53 2 8
github.com/dstroot/utility/utility.go:149.2,149.51 1 8
github.com/dstroot/utility/utility.go:156.2,158.11 3 8
github.com/dstroot/utility/utility.go:171.2,171.23 1 8
github.com/dstroot/utility/utility.go:143.53,146.3 1 2
github.com/dstroot/utility/utility.go:149.51,152.3 1 1
github.com/dstroot/utility/utility.go:158.11,161.54 2 2
github.com/dstroot/utility/utility.go:166.3,166.52 1 2
github.com/dstroot/utility/utility.go:161.54,164.4 1 1
github.com/dstroot/utility/utility.go:166.52,169.4 1 0
github.com/dstroot/utility/utility.go:175.41,176.17 1 5
github.com/dstroot/utility/utility.go:180.2,185.30 4 3
github.com/dstroot/utility/utility.go:190.2,191.18 2 3
github.com/dstroot/utility/utility.go:176.17,178.3 1 2
github.com/dstroot/utility/utility.go:185.30,187.3 1 23
