mode: set
github.com/dstroot/utility/utility.go:39.52,44.24 5 1
github.com/dstroot/utility/utility.go:49.2,49.20 1 1
github.com/dstroot/utility/utility.go:44.24,46.3 1 1
github.com/dstroot/utility/utility.go:46.3,48.3 1 1
github.com/dstroot/utility/utility.go:54.54,55.12 1 1
github.com/dstroot/utility/utility.go:58.2,59.9 2 1
github.com/dstroot/utility/utility.go:62.2,62.25 1 1
github.com/dstroot/utility/utility.go:67.2,67.9 1 1
github.com/dstroot/utility/utility.go:70.2,70.10 1 1
github.com/dstroot/utility/utility.go:55.12,57.3 1 1
github.com/dstroot/utility/utility.go:59.9,61.3 1 1
github.com/dstroot/utility/utility.go:62.25,64.3 1 1
github.com/dstroot/utility/utility.go:64.3,66.3 1 1
github.com/dstroot/utility/utility.go:67.9,69.3 1 1
github.com/dstroot/utility/utility.go:76.38,78.40 2 1
github.com/dstroot/utility/utility.go:81.2,81.14 1 1
github.com/dstroot/utility/utility.go:78.40,80.3 1 1
github.com/dstroot/utility/utility.go:85.66,89.2 3 1
github.com/dstroot/utility/utility.go:92.42,94.16 2 1
github.com/dstroot/utility/utility.go:97.2,97.32 1 1
github.com/dstroot/utility/utility.go:106.2,106.46 1 0
github.com/dstroot/utility/utility.go:94.16,96.3 1 0
github.com/dstroot/utility/utility.go:97.32,99.70 1 1
github.com/dstroot/utility/utility.go:99.70,100.29 1 1
github.com/dstroot/utility/utility.go:100.29,103.5 2 1
github.com/dstroot/utility/utility.go:111.86,116.21 3 1
github.com/dstroot/utility/utility.go:119.2,119.22 1 1
github.com/dstroot/utility/utility.go:123.2,123.26 1 1
github.com/dstroot/utility/utility.go:131.2,131.25 1 1
github.com/dstroot/utility/utility.go:139.2,139.69 1 1
github.com/dstroot/utility/utility.go:116.21,118.3 1 1
github.com/dstroot/utility/utility.go:119.22,121.3 1 1
github.com/dstroot/utility/utility.go:123.26,124.38 1 1
github.com/dstroot/utility/utility.go:127.3,128.27 2 1
github.com/dstroot/utility/utility.go:124.38,126.4 1 1
github.com/dstroot/utility/utility.go:131.25,133.38 2 1
github.com/dstroot/utility/utility.go:136.3,136.27 1 1
github.com/dstroot/utility/utility.go:133.38,135.4 1 1
github.com/dstroot/utility/utility.go:145.104,155.53 2 1
github.com/dstroot/utility/utility.go:161.2,161.51 1 1
github.com/dstroot/utility/utility.go:168.2,169.11 2 1
github.com/dstroot/utility/utility.go:173.2,173.23 1 1
github.com/dstroot/utility/utility.go:155.53,158.3 1 1
github.com/dstroot/utility/utility.go:161.51,164.3 1 1
github.com/dstroot/utility/utility.go:169.11,171.3 1 1
